<?xml version="1.0" encoding="UTF-8"?>
<testsuite xmlns:xsi="http://www.w3.org/2001/XMLSchema-instance" xsi:noNamespaceSchemaLocation="https://maven.apache.org/surefire/maven-surefire-plugin/xsd/surefire-test-report.xsd" name="com.ppp.SmartSheetApplicationTests" time="6.791" tests="1" errors="0" skipped="0" failures="0">
  <properties>
    <property name="java.specification.version" value="17"/>
    <property name="sun.jnu.encoding" value="UTF-8"/>
    <property name="java.class.path" value="/var/www/html/billing-system/target/test-classes:/var/www/html/billing-system/target/classes:/home/vincent-ppp/.m2/repository/org/springframework/boot/spring-boot-starter-data-jpa/2.7.17/spring-boot-starter-data-jpa-2.7.17.jar:/home/vincent-ppp/.m2/repository/org/springframework/boot/spring-boot-starter-aop/2.7.17/spring-boot-starter-aop-2.7.17.jar:/home/vincent-ppp/.m2/repository/org/aspectj/aspectjweaver/1.9.7/aspectjweaver-1.9.7.jar:/home/vincent-ppp/.m2/repository/org/springframework/boot/spring-boot-starter-jdbc/2.7.17/spring-boot-starter-jdbc-2.7.17.jar:/home/vincent-ppp/.m2/repository/com/zaxxer/HikariCP/4.0.3/HikariCP-4.0.3.jar:/home/vincent-ppp/.m2/repository/org/springframework/spring-jdbc/5.3.30/spring-jdbc-5.3.30.jar:/home/vincent-ppp/.m2/repository/jakarta/transaction/jakarta.transaction-api/1.3.3/jakarta.transaction-api-1.3.3.jar:/home/vincent-ppp/.m2/repository/jakarta/persistence/jakarta.persistence-api/2.2.3/jakarta.persistence-api-2.2.3.jar:/home/vincent-ppp/.m2/repository/org/hibernate/hibernate-core/5.6.15.Final/hibernate-core-5.6.15.Final.jar:/home/vincent-ppp/.m2/repository/org/jboss/logging/jboss-logging/3.4.3.Final/jboss-logging-3.4.3.Final.jar:/home/vincent-ppp/.m2/repository/net/bytebuddy/byte-buddy/1.12.23/byte-buddy-1.12.23.jar:/home/vincent-ppp/.m2/repository/antlr/antlr/2.7.7/antlr-2.7.7.jar:/home/vincent-ppp/.m2/repository/org/jboss/jandex/2.4.2.Final/jandex-2.4.2.Final.jar:/home/vincent-ppp/.m2/repository/com/fasterxml/classmate/1.5.1/classmate-1.5.1.jar:/home/vincent-ppp/.m2/repository/org/hibernate/common/hibernate-commons-annotations/5.1.2.Final/hibernate-commons-annotations-5.1.2.Final.jar:/home/vincent-ppp/.m2/repository/org/glassfish/jaxb/jaxb-runtime/2.3.8/jaxb-runtime-2.3.8.jar:/home/vincent-ppp/.m2/repository/org/glassfish/jaxb/txw2/2.3.8/txw2-2.3.8.jar:/home/vincent-ppp/.m2/repository/com/sun/istack/istack-commons-runtime/3.0.12/istack-commons-runtime-3.0.12.jar:/home/vincent-ppp/.m2/repository/org/springframework/data/spring-data-jpa/2.7.17/spring-data-jpa-2.7.17.jar:/home/vincent-ppp/.m2/repository/org/springframework/data/spring-data-commons/2.7.17/spring-data-commons-2.7.17.jar:/home/vincent-ppp/.m2/repository/org/springframework/spring-orm/5.3.30/spring-orm-5.3.30.jar:/home/vincent-ppp/.m2/repository/org/springframework/spring-tx/5.3.30/spring-tx-5.3.30.jar:/home/vincent-ppp/.m2/repository/org/slf4j/slf4j-api/1.7.36/slf4j-api-1.7.36.jar:/home/vincent-ppp/.m2/repository/org/springframework/spring-aspects/5.3.30/spring-aspects-5.3.30.jar:/home/vincent-ppp/.m2/repository/mysql/mysql-connector-java/8.0.27/mysql-connector-java-8.0.27.jar:/home/vincent-ppp/.m2/repository/com/google/protobuf/protobuf-java/3.11.4/protobuf-java-3.11.4.jar:/home/vincent-ppp/.m2/repository/org/springframework/boot/spring-boot-starter-security/2.7.17/spring-boot-starter-security-2.7.17.jar:/home/vincent-ppp/.m2/repository/org/springframework/boot/spring-boot-starter/2.7.17/spring-boot-starter-2.7.17.jar:/home/vincent-ppp/.m2/repository/org/springframework/boot/spring-boot-starter-logging/2.7.17/spring-boot-starter-logging-2.7.17.jar:/home/vincent-ppp/.m2/repository/ch/qos/logback/logback-classic/1.2.12/logback-classic-1.2.12.jar:/home/vincent-ppp/.m2/repository/ch/qos/logback/logback-core/1.2.12/logback-core-1.2.12.jar:/home/vincent-ppp/.m2/repository/org/apache/logging/log4j/log4j-to-slf4j/2.17.2/log4j-to-slf4j-2.17.2.jar:/home/vincent-ppp/.m2/repository/org/apache/logging/log4j/log4j-api/2.17.2/log4j-api-2.17.2.jar:/home/vincent-ppp/.m2/repository/org/slf4j/jul-to-slf4j/1.7.36/jul-to-slf4j-1.7.36.jar:/home/vincent-ppp/.m2/repository/org/yaml/snakeyaml/1.30/snakeyaml-1.30.jar:/home/vincent-ppp/.m2/repository/org/springframework/spring-aop/5.3.30/spring-aop-5.3.30.jar:/home/vincent-ppp/.m2/repository/org/springframework/security/spring-security-config/5.7.11/spring-security-config-5.7.11.jar:/home/vincent-ppp/.m2/repository/org/springframework/security/spring-security-web/5.7.11/spring-security-web-5.7.11.jar:/home/vincent-ppp/.m2/repository/org/springframework/boot/spring-boot-starter-web/2.7.17/spring-boot-starter-web-2.7.17.jar:/home/vincent-ppp/.m2/repository/org/springframework/boot/spring-boot-starter-json/2.7.17/spring-boot-starter-json-2.7.17.jar:/home/vincent-ppp/.m2/repository/com/fasterxml/jackson/core/jackson-databind/2.13.5/jackson-databind-2.13.5.jar:/home/vincent-ppp/.m2/repository/com/fasterxml/jackson/core/jackson-annotations/2.13.5/jackson-annotations-2.13.5.jar:/home/vincent-ppp/.m2/repository/com/fasterxml/jackson/core/jackson-core/2.13.5/jackson-core-2.13.5.jar:/home/vincent-ppp/.m2/repository/com/fasterxml/jackson/datatype/jackson-datatype-jdk8/2.13.5/jackson-datatype-jdk8-2.13.5.jar:/home/vincent-ppp/.m2/repository/com/fasterxml/jackson/datatype/jackson-datatype-jsr310/2.13.5/jackson-datatype-jsr310-2.13.5.jar:/home/vincent-ppp/.m2/repository/com/fasterxml/jackson/module/jackson-module-parameter-names/2.13.5/jackson-module-parameter-names-2.13.5.jar:/home/vincent-ppp/.m2/repository/org/springframework/spring-web/5.3.30/spring-web-5.3.30.jar:/home/vincent-ppp/.m2/repository/org/springframework/spring-webmvc/5.3.30/spring-webmvc-5.3.30.jar:/home/vincent-ppp/.m2/repository/org/springframework/boot/spring-boot-devtools/2.7.17/spring-boot-devtools-2.7.17.jar:/home/vincent-ppp/.m2/repository/org/springframework/boot/spring-boot/2.7.17/spring-boot-2.7.17.jar:/home/vincent-ppp/.m2/repository/org/springframework/boot/spring-boot-autoconfigure/2.7.17/spring-boot-autoconfigure-2.7.17.jar:/home/vincent-ppp/.m2/repository/org/projectlombok/lombok/1.18.30/lombok-1.18.30.jar:/home/vincent-ppp/.m2/repository/org/springframework/boot/spring-boot-starter-tomcat/2.7.17/spring-boot-starter-tomcat-2.7.17.jar:/home/vincent-ppp/.m2/repository/jakarta/annotation/jakarta.annotation-api/1.3.5/jakarta.annotation-api-1.3.5.jar:/home/vincent-ppp/.m2/repository/org/apache/tomcat/embed/tomcat-embed-core/9.0.82/tomcat-embed-core-9.0.82.jar:/home/vincent-ppp/.m2/repository/org/apache/tomcat/embed/tomcat-embed-el/9.0.82/tomcat-embed-el-9.0.82.jar:/home/vincent-ppp/.m2/repository/org/apache/tomcat/embed/tomcat-embed-websocket/9.0.82/tomcat-embed-websocket-9.0.82.jar:/home/vincent-ppp/.m2/repository/org/apache/tomcat/embed/tomcat-embed-jasper/9.0.82/tomcat-embed-jasper-9.0.82.jar:/home/vincent-ppp/.m2/repository/org/eclipse/jdt/ecj/3.26.0/ecj-3.26.0.jar:/home/vincent-ppp/.m2/repository/javax/servlet/jstl/1.2/jstl-1.2.jar:/home/vincent-ppp/.m2/repository/org/springframework/boot/spring-boot-starter-test/2.7.17/spring-boot-starter-test-2.7.17.jar:/home/vincent-ppp/.m2/repository/org/springframework/boot/spring-boot-test/2.7.17/spring-boot-test-2.7.17.jar:/home/vincent-ppp/.m2/repository/org/springframework/boot/spring-boot-test-autoconfigure/2.7.17/spring-boot-test-autoconfigure-2.7.17.jar:/home/vincent-ppp/.m2/repository/com/jayway/jsonpath/json-path/2.7.0/json-path-2.7.0.jar:/home/vincent-ppp/.m2/repository/net/minidev/json-smart/2.4.11/json-smart-2.4.11.jar:/home/vincent-ppp/.m2/repository/net/minidev/accessors-smart/2.4.11/accessors-smart-2.4.11.jar:/home/vincent-ppp/.m2/repository/org/ow2/asm/asm/9.3/asm-9.3.jar:/home/vincent-ppp/.m2/repository/jakarta/xml/bind/jakarta.xml.bind-api/2.3.3/jakarta.xml.bind-api-2.3.3.jar:/home/vincent-ppp/.m2/repository/jakarta/activation/jakarta.activation-api/1.2.2/jakarta.activation-api-1.2.2.jar:/home/vincent-ppp/.m2/repository/org/assertj/assertj-core/3.22.0/assertj-core-3.22.0.jar:/home/vincent-ppp/.m2/repository/org/hamcrest/hamcrest/2.2/hamcrest-2.2.jar:/home/vincent-ppp/.m2/repository/org/junit/jupiter/junit-jupiter/5.8.2/junit-jupiter-5.8.2.jar:/home/vincent-ppp/.m2/repository/org/junit/jupiter/junit-jupiter-api/5.8.2/junit-jupiter-api-5.8.2.jar:/home/vincent-ppp/.m2/repository/org/opentest4j/opentest4j/1.2.0/opentest4j-1.2.0.jar:/home/vincent-ppp/.m2/repository/org/junit/platform/junit-platform-commons/1.8.2/junit-platform-commons-1.8.2.jar:/home/vincent-ppp/.m2/repository/org/apiguardian/apiguardian-api/1.1.2/apiguardian-api-1.1.2.jar:/home/vincent-ppp/.m2/repository/org/junit/jupiter/junit-jupiter-params/5.8.2/junit-jupiter-params-5.8.2.jar:/home/vincent-ppp/.m2/repository/org/junit/jupiter/junit-jupiter-engine/5.8.2/junit-jupiter-engine-5.8.2.jar:/home/vincent-ppp/.m2/repository/org/junit/platform/junit-platform-engine/1.8.2/junit-platform-engine-1.8.2.jar:/home/vincent-ppp/.m2/repository/org/mockito/mockito-core/4.5.1/mockito-core-4.5.1.jar:/home/vincent-ppp/.m2/repository/net/bytebuddy/byte-buddy-agent/1.12.23/byte-buddy-agent-1.12.23.jar:/home/vincent-ppp/.m2/repository/org/objenesis/objenesis/3.2/objenesis-3.2.jar:/home/vincent-ppp/.m2/repository/org/mockito/mockito-junit-jupiter/4.5.1/mockito-junit-jupiter-4.5.1.jar:/home/vincent-ppp/.m2/repository/org/skyscreamer/jsonassert/1.5.1/jsonassert-1.5.1.jar:/home/vincent-ppp/.m2/repository/com/vaadin/external/google/android-json/0.0.20131108.vaadin1/android-json-0.0.20131108.vaadin1.jar:/home/vincent-ppp/.m2/repository/org/springframework/spring-core/5.3.30/spring-core-5.3.30.jar:/home/vincent-ppp/.m2/repository/org/springframework/spring-jcl/5.3.30/spring-jcl-5.3.30.jar:/home/vincent-ppp/.m2/repository/org/springframework/spring-test/5.3.30/spring-test-5.3.30.jar:/home/vincent-ppp/.m2/repository/org/xmlunit/xmlunit-core/2.9.1/xmlunit-core-2.9.1.jar:/home/vincent-ppp/.m2/repository/org/springframework/security/spring-security-taglibs/5.7.11/spring-security-taglibs-5.7.11.jar:/home/vincent-ppp/.m2/repository/org/springframework/security/spring-security-acl/5.7.11/spring-security-acl-5.7.11.jar:/home/vincent-ppp/.m2/repository/org/springframework/security/spring-security-core/5.7.11/spring-security-core-5.7.11.jar:/home/vincent-ppp/.m2/repository/org/springframework/security/spring-security-crypto/5.7.11/spring-security-crypto-5.7.11.jar:/home/vincent-ppp/.m2/repository/org/springframework/spring-beans/5.3.30/spring-beans-5.3.30.jar:/home/vincent-ppp/.m2/repository/org/springframework/spring-context/5.3.30/spring-context-5.3.30.jar:/home/vincent-ppp/.m2/repository/org/springframework/spring-expression/5.3.30/spring-expression-5.3.30.jar:/home/vincent-ppp/.m2/repository/org/webjars/jquery/3.6.0/jquery-3.6.0.jar:/home/vincent-ppp/.m2/repository/org/apache/maven/plugins/maven-checkstyle-plugin/3.2.1/maven-checkstyle-plugin-3.2.1.jar:/home/vincent-ppp/.m2/repository/org/apache/maven/reporting/maven-reporting-api/3.1.1/maven-reporting-api-3.1.1.jar:/home/vincent-ppp/.m2/repository/org/apache/maven/reporting/maven-reporting-impl/3.2.0/maven-reporting-impl-3.2.0.jar:/home/vincent-ppp/.m2/repository/org/apache/maven/maven-core/3.1.0/maven-core-3.1.0.jar:/home/vincent-ppp/.m2/repository/org/apache/maven/maven-settings/3.1.0/maven-settings-3.1.0.jar:/home/vincent-ppp/.m2/repository/org/apache/maven/maven-settings-builder/3.1.0/maven-settings-builder-3.1.0.jar:/home/vincent-ppp/.m2/repository/org/apache/maven/maven-repository-metadata/3.1.0/maven-repository-metadata-3.1.0.jar:/home/vincent-ppp/.m2/repository/org/apache/maven/maven-model-builder/3.1.0/maven-model-builder-3.1.0.jar:/home/vincent-ppp/.m2/repository/org/apache/maven/maven-aether-provider/3.1.0/maven-aether-provider-3.1.0.jar:/home/vincent-ppp/.m2/repository/org/eclipse/aether/aether-spi/0.9.0.M2/aether-spi-0.9.0.M2.jar:/home/vincent-ppp/.m2/repository/org/eclipse/aether/aether-impl/0.9.0.M2/aether-impl-0.9.0.M2.jar:/home/vincent-ppp/.m2/repository/org/eclipse/aether/aether-api/0.9.0.M2/aether-api-0.9.0.M2.jar:/home/vincent-ppp/.m2/repository/org/eclipse/aether/aether-util/0.9.0.M2/aether-util-0.9.0.M2.jar:/home/vincent-ppp/.m2/repository/org/eclipse/sisu/org.eclipse.sisu.plexus/0.0.0.M2a/org.eclipse.sisu.plexus-0.0.0.M2a.jar:/home/vincent-ppp/.m2/repository/javax/enterprise/cdi-api/1.0/cdi-api-1.0.jar:/home/vincent-ppp/.m2/repository/javax/annotation/jsr250-api/1.0/jsr250-api-1.0.jar:/home/vincent-ppp/.m2/repository/javax/inject/javax.inject/1/javax.inject-1.jar:/home/vincent-ppp/.m2/repository/org/sonatype/sisu/sisu-guice/3.1.0/sisu-guice-3.1.0-no_aop.jar:/home/vincent-ppp/.m2/repository/aopalliance/aopalliance/1.0/aopalliance-1.0.jar:/home/vincent-ppp/.m2/repository/org/eclipse/sisu/org.eclipse.sisu.inject/0.0.0.M2a/org.eclipse.sisu.inject-0.0.0.M2a.jar:/home/vincent-ppp/.m2/repository/asm/asm/3.3.1/asm-3.3.1.jar:/home/vincent-ppp/.m2/repository/org/codehaus/plexus/plexus-classworlds/2.4.2/plexus-classworlds-2.4.2.jar:/home/vincent-ppp/.m2/repository/org/sonatype/plexus/plexus-sec-dispatcher/1.3/plexus-sec-dispatcher-1.3.jar:/home/vincent-ppp/.m2/repository/org/sonatype/plexus/plexus-cipher/1.4/plexus-cipher-1.4.jar:/home/vincent-ppp/.m2/repository/org/apache/maven/maven-artifact/3.1.0/maven-artifact-3.1.0.jar:/home/vincent-ppp/.m2/repository/org/apache/maven/maven-plugin-api/3.1.0/maven-plugin-api-3.1.0.jar:/home/vincent-ppp/.m2/repository/org/apache/maven/shared/maven-shared-utils/3.3.4/maven-shared-utils-3.3.4.jar:/home/vincent-ppp/.m2/repository/org/apache/maven/doxia/doxia-decoration-model/1.11.1/doxia-decoration-model-1.11.1.jar:/home/vincent-ppp/.m2/repository/org/apache/maven/doxia/doxia-site-renderer/1.11.1/doxia-site-renderer-1.11.1.jar:/home/vincent-ppp/.m2/repository/org/apache/maven/doxia/doxia-skin-model/1.11.1/doxia-skin-model-1.11.1.jar:/home/vincent-ppp/.m2/repository/org/apache/maven/doxia/doxia-module-xhtml/1.11.1/doxia-module-xhtml-1.11.1.jar:/home/vincent-ppp/.m2/repository/org/apache/maven/doxia/doxia-module-xhtml5/1.11.1/doxia-module-xhtml5-1.11.1.jar:/home/vincent-ppp/.m2/repository/org/apache/velocity/velocity-tools/2.0/velocity-tools-2.0.jar:/home/vincent-ppp/.m2/repository/commons-digester/commons-digester/1.8/commons-digester-1.8.jar:/home/vincent-ppp/.m2/repository/commons-chain/commons-chain/1.1/commons-chain-1.1.jar:/home/vincent-ppp/.m2/repository/dom4j/dom4j/1.1/dom4j-1.1.jar:/home/vincent-ppp/.m2/repository/oro/oro/2.0.8/oro-2.0.8.jar:/home/vincent-ppp/.m2/repository/org/apache/maven/doxia/doxia-sink-api/1.11.1/doxia-sink-api-1.11.1.jar:/home/vincent-ppp/.m2/repository/org/apache/maven/doxia/doxia-logging-api/1.11.1/doxia-logging-api-1.11.1.jar:/home/vincent-ppp/.m2/repository/org/apache/maven/doxia/doxia-core/1.11.1/doxia-core-1.11.1.jar:/home/vincent-ppp/.m2/repository/org/codehaus/plexus/plexus-container-default/2.1.0/plexus-container-default-2.1.0.jar:/home/vincent-ppp/.m2/repository/org/apache/xbean/xbean-reflect/3.7/xbean-reflect-3.7.jar:/home/vincent-ppp/.m2/repository/com/google/collections/google-collections/1.0/google-collections-1.0.jar:/home/vincent-ppp/.m2/repository/org/apache/commons/commons-lang3/3.12.0/commons-lang3-3.12.0.jar:/home/vincent-ppp/.m2/repository/org/apache/commons/commons-text/1.3/commons-text-1.3.jar:/home/vincent-ppp/.m2/repository/org/apache/httpcomponents/httpclient/4.5.14/httpclient-4.5.14.jar:/home/vincent-ppp/.m2/repository/commons-codec/commons-codec/1.15/commons-codec-1.15.jar:/home/vincent-ppp/.m2/repository/org/apache/httpcomponents/httpcore/4.4.16/httpcore-4.4.16.jar:/home/vincent-ppp/.m2/repository/org/apache/maven/doxia/doxia-integration-tools/1.11.1/doxia-integration-tools-1.11.1.jar:/home/vincent-ppp/.m2/repository/commons-io/commons-io/2.6/commons-io-2.6.jar:/home/vincent-ppp/.m2/repository/org/apache/maven/maven-model/2.2.1/maven-model-2.2.1.jar:/home/vincent-ppp/.m2/repository/org/codehaus/plexus/plexus-i18n/1.0-beta-10/plexus-i18n-1.0-beta-10.jar:/home/vincent-ppp/.m2/repository/org/codehaus/plexus/plexus-interpolation/1.26/plexus-interpolation-1.26.jar:/home/vincent-ppp/.m2/repository/org/codehaus/plexus/plexus-component-annotations/2.1.1/plexus-component-annotations-2.1.1.jar:/home/vincent-ppp/.m2/repository/org/codehaus/plexus/plexus-resources/1.1.0/plexus-resources-1.1.0.jar:/home/vincent-ppp/.m2/repository/org/codehaus/plexus/plexus-utils/3.4.2/plexus-utils-3.4.2.jar:/home/vincent-ppp/.m2/repository/org/codehaus/plexus/plexus-velocity/1.2/plexus-velocity-1.2.jar:/home/vincent-ppp/.m2/repository/commons-collections/commons-collections/3.1/commons-collections-3.1.jar:/home/vincent-ppp/.m2/repository/com/puppycrawl/tools/checkstyle/9.3/checkstyle-9.3.jar:/home/vincent-ppp/.m2/repository/info/picocli/picocli/4.6.2/picocli-4.6.2.jar:/home/vincent-ppp/.m2/repository/org/antlr/antlr4-runtime/4.9.3/antlr4-runtime-4.9.3.jar:/home/vincent-ppp/.m2/repository/commons-beanutils/commons-beanutils/1.9.4/commons-beanutils-1.9.4.jar:/home/vincent-ppp/.m2/repository/commons-logging/commons-logging/1.2/commons-logging-1.2.jar:/home/vincent-ppp/.m2/repository/com/google/guava/guava/31.0.1-jre/guava-31.0.1-jre.jar:/home/vincent-ppp/.m2/repository/com/google/guava/failureaccess/1.0.1/failureaccess-1.0.1.jar:/home/vincent-ppp/.m2/repository/com/google/guava/listenablefuture/9999.0-empty-to-avoid-conflict-with-guava/listenablefuture-9999.0-empty-to-avoid-conflict-with-guava.jar:/home/vincent-ppp/.m2/repository/com/google/code/findbugs/jsr305/3.0.2/jsr305-3.0.2.jar:/home/vincent-ppp/.m2/repository/org/checkerframework/checker-qual/3.12.0/checker-qual-3.12.0.jar:/home/vincent-ppp/.m2/repository/com/google/errorprone/error_prone_annotations/2.7.1/error_prone_annotations-2.7.1.jar:/home/vincent-ppp/.m2/repository/com/google/j2objc/j2objc-annotations/1.3/j2objc-annotations-1.3.jar:/home/vincent-ppp/.m2/repository/org/reflections/reflections/0.10.2/reflections-0.10.2.jar:/home/vincent-ppp/.m2/repository/org/javassist/javassist/3.28.0-GA/javassist-3.28.0-GA.jar:/home/vincent-ppp/.m2/repository/net/sf/saxon/Saxon-HE/10.6/Saxon-HE-10.6.jar:/home/vincent-ppp/.m2/repository/org/apache/velocity/velocity/1.7/velocity-1.7.jar:/home/vincent-ppp/.m2/repository/commons-lang/commons-lang/2.4/commons-lang-2.4.jar:/home/vincent-ppp/.m2/repository/javax/xml/bind/jaxb-api/2.3.1/jaxb-api-2.3.1.jar:/home/vincent-ppp/.m2/repository/javax/activation/javax.activation-api/1.2.0/javax.activation-api-1.2.0.jar:/home/vincent-ppp/.m2/repository/org/springframework/boot/spring-boot-starter-mail/2.7.17/spring-boot-starter-mail-2.7.17.jar:/home/vincent-ppp/.m2/repository/org/springframework/spring-context-support/5.3.30/spring-context-support-5.3.30.jar:/home/vincent-ppp/.m2/repository/com/sun/mail/jakarta.mail/1.6.7/jakarta.mail-1.6.7.jar:/home/vincent-ppp/.m2/repository/com/sun/activation/jakarta.activation/1.2.2/jakarta.activation-1.2.2.jar:/home/vincent-ppp/.m2/repository/org/jetbrains/annotations/24.1.0/annotations-24.1.0.jar:"/>
    <property name="java.vm.vendor" value="Eclipse Adoptium"/>
    <property name="sun.arch.data.model" value="64"/>
    <property name="java.vendor.url" value="https://adoptium.net/"/>
    <property name="os.name" value="Linux"/>
    <property name="java.vm.specification.version" value="17"/>
    <property name="sun.java.launcher" value="SUN_STANDARD"/>
    <property name="user.country" value="FR"/>
    <property name="sun.boot.library.path" value="/opt/eclipse/plugins/org.eclipse.justj.openjdk.hotspot.jre.full.linux.x86_64_17.0.8.v20230831-1047/jre/lib"/>
    <property name="sun.java.command" value="/var/www/html/billing-system/target/surefire/surefirebooter5029563352935464222.jar /var/www/html/billing-system/target/surefire 2024-03-26T11-35-28_234-jvmRun1 surefire8261486836230629456tmp surefire_010261675322932694164tmp"/>
    <property name="jdk.debug" value="release"/>
    <property name="surefire.test.class.path" value="/var/www/html/billing-system/target/test-classes:/var/www/html/billing-system/target/classes:/home/vincent-ppp/.m2/repository/org/springframework/boot/spring-boot-starter-data-jpa/2.7.17/spring-boot-starter-data-jpa-2.7.17.jar:/home/vincent-ppp/.m2/repository/org/springframework/boot/spring-boot-starter-aop/2.7.17/spring-boot-starter-aop-2.7.17.jar:/home/vincent-ppp/.m2/repository/org/aspectj/aspectjweaver/1.9.7/aspectjweaver-1.9.7.jar:/home/vincent-ppp/.m2/repository/org/springframework/boot/spring-boot-starter-jdbc/2.7.17/spring-boot-starter-jdbc-2.7.17.jar:/home/vincent-ppp/.m2/repository/com/zaxxer/HikariCP/4.0.3/HikariCP-4.0.3.jar:/home/vincent-ppp/.m2/repository/org/springframework/spring-jdbc/5.3.30/spring-jdbc-5.3.30.jar:/home/vincent-ppp/.m2/repository/jakarta/transaction/jakarta.transaction-api/1.3.3/jakarta.transaction-api-1.3.3.jar:/home/vincent-ppp/.m2/repository/jakarta/persistence/jakarta.persistence-api/2.2.3/jakarta.persistence-api-2.2.3.jar:/home/vincent-ppp/.m2/repository/org/hibernate/hibernate-core/5.6.15.Final/hibernate-core-5.6.15.Final.jar:/home/vincent-ppp/.m2/repository/org/jboss/logging/jboss-logging/3.4.3.Final/jboss-logging-3.4.3.Final.jar:/home/vincent-ppp/.m2/repository/net/bytebuddy/byte-buddy/1.12.23/byte-buddy-1.12.23.jar:/home/vincent-ppp/.m2/repository/antlr/antlr/2.7.7/antlr-2.7.7.jar:/home/vincent-ppp/.m2/repository/org/jboss/jandex/2.4.2.Final/jandex-2.4.2.Final.jar:/home/vincent-ppp/.m2/repository/com/fasterxml/classmate/1.5.1/classmate-1.5.1.jar:/home/vincent-ppp/.m2/repository/org/hibernate/common/hibernate-commons-annotations/5.1.2.Final/hibernate-commons-annotations-5.1.2.Final.jar:/home/vincent-ppp/.m2/repository/org/glassfish/jaxb/jaxb-runtime/2.3.8/jaxb-runtime-2.3.8.jar:/home/vincent-ppp/.m2/repository/org/glassfish/jaxb/txw2/2.3.8/txw2-2.3.8.jar:/home/vincent-ppp/.m2/repository/com/sun/istack/istack-commons-runtime/3.0.12/istack-commons-runtime-3.0.12.jar:/home/vincent-ppp/.m2/repository/org/springframework/data/spring-data-jpa/2.7.17/spring-data-jpa-2.7.17.jar:/home/vincent-ppp/.m2/repository/org/springframework/data/spring-data-commons/2.7.17/spring-data-commons-2.7.17.jar:/home/vincent-ppp/.m2/repository/org/springframework/spring-orm/5.3.30/spring-orm-5.3.30.jar:/home/vincent-ppp/.m2/repository/org/springframework/spring-tx/5.3.30/spring-tx-5.3.30.jar:/home/vincent-ppp/.m2/repository/org/slf4j/slf4j-api/1.7.36/slf4j-api-1.7.36.jar:/home/vincent-ppp/.m2/repository/org/springframework/spring-aspects/5.3.30/spring-aspects-5.3.30.jar:/home/vincent-ppp/.m2/repository/mysql/mysql-connector-java/8.0.27/mysql-connector-java-8.0.27.jar:/home/vincent-ppp/.m2/repository/com/google/protobuf/protobuf-java/3.11.4/protobuf-java-3.11.4.jar:/home/vincent-ppp/.m2/repository/org/springframework/boot/spring-boot-starter-security/2.7.17/spring-boot-starter-security-2.7.17.jar:/home/vincent-ppp/.m2/repository/org/springframework/boot/spring-boot-starter/2.7.17/spring-boot-starter-2.7.17.jar:/home/vincent-ppp/.m2/repository/org/springframework/boot/spring-boot-starter-logging/2.7.17/spring-boot-starter-logging-2.7.17.jar:/home/vincent-ppp/.m2/repository/ch/qos/logback/logback-classic/1.2.12/logback-classic-1.2.12.jar:/home/vincent-ppp/.m2/repository/ch/qos/logback/logback-core/1.2.12/logback-core-1.2.12.jar:/home/vincent-ppp/.m2/repository/org/apache/logging/log4j/log4j-to-slf4j/2.17.2/log4j-to-slf4j-2.17.2.jar:/home/vincent-ppp/.m2/repository/org/apache/logging/log4j/log4j-api/2.17.2/log4j-api-2.17.2.jar:/home/vincent-ppp/.m2/repository/org/slf4j/jul-to-slf4j/1.7.36/jul-to-slf4j-1.7.36.jar:/home/vincent-ppp/.m2/repository/org/yaml/snakeyaml/1.30/snakeyaml-1.30.jar:/home/vincent-ppp/.m2/repository/org/springframework/spring-aop/5.3.30/spring-aop-5.3.30.jar:/home/vincent-ppp/.m2/repository/org/springframework/security/spring-security-config/5.7.11/spring-security-config-5.7.11.jar:/home/vincent-ppp/.m2/repository/org/springframework/security/spring-security-web/5.7.11/spring-security-web-5.7.11.jar:/home/vincent-ppp/.m2/repository/org/springframework/boot/spring-boot-starter-web/2.7.17/spring-boot-starter-web-2.7.17.jar:/home/vincent-ppp/.m2/repository/org/springframework/boot/spring-boot-starter-json/2.7.17/spring-boot-starter-json-2.7.17.jar:/home/vincent-ppp/.m2/repository/com/fasterxml/jackson/core/jackson-databind/2.13.5/jackson-databind-2.13.5.jar:/home/vincent-ppp/.m2/repository/com/fasterxml/jackson/core/jackson-annotations/2.13.5/jackson-annotations-2.13.5.jar:/home/vincent-ppp/.m2/repository/com/fasterxml/jackson/core/jackson-core/2.13.5/jackson-core-2.13.5.jar:/home/vincent-ppp/.m2/repository/com/fasterxml/jackson/datatype/jackson-datatype-jdk8/2.13.5/jackson-datatype-jdk8-2.13.5.jar:/home/vincent-ppp/.m2/repository/com/fasterxml/jackson/datatype/jackson-datatype-jsr310/2.13.5/jackson-datatype-jsr310-2.13.5.jar:/home/vincent-ppp/.m2/repository/com/fasterxml/jackson/module/jackson-module-parameter-names/2.13.5/jackson-module-parameter-names-2.13.5.jar:/home/vincent-ppp/.m2/repository/org/springframework/spring-web/5.3.30/spring-web-5.3.30.jar:/home/vincent-ppp/.m2/repository/org/springframework/spring-webmvc/5.3.30/spring-webmvc-5.3.30.jar:/home/vincent-ppp/.m2/repository/org/springframework/boot/spring-boot-devtools/2.7.17/spring-boot-devtools-2.7.17.jar:/home/vincent-ppp/.m2/repository/org/springframework/boot/spring-boot/2.7.17/spring-boot-2.7.17.jar:/home/vincent-ppp/.m2/repository/org/springframework/boot/spring-boot-autoconfigure/2.7.17/spring-boot-autoconfigure-2.7.17.jar:/home/vincent-ppp/.m2/repository/org/projectlombok/lombok/1.18.30/lombok-1.18.30.jar:/home/vincent-ppp/.m2/repository/org/springframework/boot/spring-boot-starter-tomcat/2.7.17/spring-boot-starter-tomcat-2.7.17.jar:/home/vincent-ppp/.m2/repository/jakarta/annotation/jakarta.annotation-api/1.3.5/jakarta.annotation-api-1.3.5.jar:/home/vincent-ppp/.m2/repository/org/apache/tomcat/embed/tomcat-embed-core/9.0.82/tomcat-embed-core-9.0.82.jar:/home/vincent-ppp/.m2/repository/org/apache/tomcat/embed/tomcat-embed-el/9.0.82/tomcat-embed-el-9.0.82.jar:/home/vincent-ppp/.m2/repository/org/apache/tomcat/embed/tomcat-embed-websocket/9.0.82/tomcat-embed-websocket-9.0.82.jar:/home/vincent-ppp/.m2/repository/org/apache/tomcat/embed/tomcat-embed-jasper/9.0.82/tomcat-embed-jasper-9.0.82.jar:/home/vincent-ppp/.m2/repository/org/eclipse/jdt/ecj/3.26.0/ecj-3.26.0.jar:/home/vincent-ppp/.m2/repository/javax/servlet/jstl/1.2/jstl-1.2.jar:/home/vincent-ppp/.m2/repository/org/springframework/boot/spring-boot-starter-test/2.7.17/spring-boot-starter-test-2.7.17.jar:/home/vincent-ppp/.m2/repository/org/springframework/boot/spring-boot-test/2.7.17/spring-boot-test-2.7.17.jar:/home/vincent-ppp/.m2/repository/org/springframework/boot/spring-boot-test-autoconfigure/2.7.17/spring-boot-test-autoconfigure-2.7.17.jar:/home/vincent-ppp/.m2/repository/com/jayway/jsonpath/json-path/2.7.0/json-path-2.7.0.jar:/home/vincent-ppp/.m2/repository/net/minidev/json-smart/2.4.11/json-smart-2.4.11.jar:/home/vincent-ppp/.m2/repository/net/minidev/accessors-smart/2.4.11/accessors-smart-2.4.11.jar:/home/vincent-ppp/.m2/repository/org/ow2/asm/asm/9.3/asm-9.3.jar:/home/vincent-ppp/.m2/repository/jakarta/xml/bind/jakarta.xml.bind-api/2.3.3/jakarta.xml.bind-api-2.3.3.jar:/home/vincent-ppp/.m2/repository/jakarta/activation/jakarta.activation-api/1.2.2/jakarta.activation-api-1.2.2.jar:/home/vincent-ppp/.m2/repository/org/assertj/assertj-core/3.22.0/assertj-core-3.22.0.jar:/home/vincent-ppp/.m2/repository/org/hamcrest/hamcrest/2.2/hamcrest-2.2.jar:/home/vincent-ppp/.m2/repository/org/junit/jupiter/junit-jupiter/5.8.2/junit-jupiter-5.8.2.jar:/home/vincent-ppp/.m2/repository/org/junit/jupiter/junit-jupiter-api/5.8.2/junit-jupiter-api-5.8.2.jar:/home/vincent-ppp/.m2/repository/org/opentest4j/opentest4j/1.2.0/opentest4j-1.2.0.jar:/home/vincent-ppp/.m2/repository/org/junit/platform/junit-platform-commons/1.8.2/junit-platform-commons-1.8.2.jar:/home/vincent-ppp/.m2/repository/org/apiguardian/apiguardian-api/1.1.2/apiguardian-api-1.1.2.jar:/home/vincent-ppp/.m2/repository/org/junit/jupiter/junit-jupiter-params/5.8.2/junit-jupiter-params-5.8.2.jar:/home/vincent-ppp/.m2/repository/org/junit/jupiter/junit-jupiter-engine/5.8.2/junit-jupiter-engine-5.8.2.jar:/home/vincent-ppp/.m2/repository/org/junit/platform/junit-platform-engine/1.8.2/junit-platform-engine-1.8.2.jar:/home/vincent-ppp/.m2/repository/org/mockito/mockito-core/4.5.1/mockito-core-4.5.1.jar:/home/vincent-ppp/.m2/repository/net/bytebuddy/byte-buddy-agent/1.12.23/byte-buddy-agent-1.12.23.jar:/home/vincent-ppp/.m2/repository/org/objenesis/objenesis/3.2/objenesis-3.2.jar:/home/vincent-ppp/.m2/repository/org/mockito/mockito-junit-jupiter/4.5.1/mockito-junit-jupiter-4.5.1.jar:/home/vincent-ppp/.m2/repository/org/skyscreamer/jsonassert/1.5.1/jsonassert-1.5.1.jar:/home/vincent-ppp/.m2/repository/com/vaadin/external/google/android-json/0.0.20131108.vaadin1/android-json-0.0.20131108.vaadin1.jar:/home/vincent-ppp/.m2/repository/org/springframework/spring-core/5.3.30/spring-core-5.3.30.jar:/home/vincent-ppp/.m2/repository/org/springframework/spring-jcl/5.3.30/spring-jcl-5.3.30.jar:/home/vincent-ppp/.m2/repository/org/springframework/spring-test/5.3.30/spring-test-5.3.30.jar:/home/vincent-ppp/.m2/repository/org/xmlunit/xmlunit-core/2.9.1/xmlunit-core-2.9.1.jar:/home/vincent-ppp/.m2/repository/org/springframework/security/spring-security-taglibs/5.7.11/spring-security-taglibs-5.7.11.jar:/home/vincent-ppp/.m2/repository/org/springframework/security/spring-security-acl/5.7.11/spring-security-acl-5.7.11.jar:/home/vincent-ppp/.m2/repository/org/springframework/security/spring-security-core/5.7.11/spring-security-core-5.7.11.jar:/home/vincent-ppp/.m2/repository/org/springframework/security/spring-security-crypto/5.7.11/spring-security-crypto-5.7.11.jar:/home/vincent-ppp/.m2/repository/org/springframework/spring-beans/5.3.30/spring-beans-5.3.30.jar:/home/vincent-ppp/.m2/repository/org/springframework/spring-context/5.3.30/spring-context-5.3.30.jar:/home/vincent-ppp/.m2/repository/org/springframework/spring-expression/5.3.30/spring-expression-5.3.30.jar:/home/vincent-ppp/.m2/repository/org/webjars/jquery/3.6.0/jquery-3.6.0.jar:/home/vincent-ppp/.m2/repository/org/apache/maven/plugins/maven-checkstyle-plugin/3.2.1/maven-checkstyle-plugin-3.2.1.jar:/home/vincent-ppp/.m2/repository/org/apache/maven/reporting/maven-reporting-api/3.1.1/maven-reporting-api-3.1.1.jar:/home/vincent-ppp/.m2/repository/org/apache/maven/reporting/maven-reporting-impl/3.2.0/maven-reporting-impl-3.2.0.jar:/home/vincent-ppp/.m2/repository/org/apache/maven/maven-core/3.1.0/maven-core-3.1.0.jar:/home/vincent-ppp/.m2/repository/org/apache/maven/maven-settings/3.1.0/maven-settings-3.1.0.jar:/home/vincent-ppp/.m2/repository/org/apache/maven/maven-settings-builder/3.1.0/maven-settings-builder-3.1.0.jar:/home/vincent-ppp/.m2/repository/org/apache/maven/maven-repository-metadata/3.1.0/maven-repository-metadata-3.1.0.jar:/home/vincent-ppp/.m2/repository/org/apache/maven/maven-model-builder/3.1.0/maven-model-builder-3.1.0.jar:/home/vincent-ppp/.m2/repository/org/apache/maven/maven-aether-provider/3.1.0/maven-aether-provider-3.1.0.jar:/home/vincent-ppp/.m2/repository/org/eclipse/aether/aether-spi/0.9.0.M2/aether-spi-0.9.0.M2.jar:/home/vincent-ppp/.m2/repository/org/eclipse/aether/aether-impl/0.9.0.M2/aether-impl-0.9.0.M2.jar:/home/vincent-ppp/.m2/repository/org/eclipse/aether/aether-api/0.9.0.M2/aether-api-0.9.0.M2.jar:/home/vincent-ppp/.m2/repository/org/eclipse/aether/aether-util/0.9.0.M2/aether-util-0.9.0.M2.jar:/home/vincent-ppp/.m2/repository/org/eclipse/sisu/org.eclipse.sisu.plexus/0.0.0.M2a/org.eclipse.sisu.plexus-0.0.0.M2a.jar:/home/vincent-ppp/.m2/repository/javax/enterprise/cdi-api/1.0/cdi-api-1.0.jar:/home/vincent-ppp/.m2/repository/javax/annotation/jsr250-api/1.0/jsr250-api-1.0.jar:/home/vincent-ppp/.m2/repository/javax/inject/javax.inject/1/javax.inject-1.jar:/home/vincent-ppp/.m2/repository/org/sonatype/sisu/sisu-guice/3.1.0/sisu-guice-3.1.0-no_aop.jar:/home/vincent-ppp/.m2/repository/aopalliance/aopalliance/1.0/aopalliance-1.0.jar:/home/vincent-ppp/.m2/repository/org/eclipse/sisu/org.eclipse.sisu.inject/0.0.0.M2a/org.eclipse.sisu.inject-0.0.0.M2a.jar:/home/vincent-ppp/.m2/repository/asm/asm/3.3.1/asm-3.3.1.jar:/home/vincent-ppp/.m2/repository/org/codehaus/plexus/plexus-classworlds/2.4.2/plexus-classworlds-2.4.2.jar:/home/vincent-ppp/.m2/repository/org/sonatype/plexus/plexus-sec-dispatcher/1.3/plexus-sec-dispatcher-1.3.jar:/home/vincent-ppp/.m2/repository/org/sonatype/plexus/plexus-cipher/1.4/plexus-cipher-1.4.jar:/home/vincent-ppp/.m2/repository/org/apache/maven/maven-artifact/3.1.0/maven-artifact-3.1.0.jar:/home/vincent-ppp/.m2/repository/org/apache/maven/maven-plugin-api/3.1.0/maven-plugin-api-3.1.0.jar:/home/vincent-ppp/.m2/repository/org/apache/maven/shared/maven-shared-utils/3.3.4/maven-shared-utils-3.3.4.jar:/home/vincent-ppp/.m2/repository/org/apache/maven/doxia/doxia-decoration-model/1.11.1/doxia-decoration-model-1.11.1.jar:/home/vincent-ppp/.m2/repository/org/apache/maven/doxia/doxia-site-renderer/1.11.1/doxia-site-renderer-1.11.1.jar:/home/vincent-ppp/.m2/repository/org/apache/maven/doxia/doxia-skin-model/1.11.1/doxia-skin-model-1.11.1.jar:/home/vincent-ppp/.m2/repository/org/apache/maven/doxia/doxia-module-xhtml/1.11.1/doxia-module-xhtml-1.11.1.jar:/home/vincent-ppp/.m2/repository/org/apache/maven/doxia/doxia-module-xhtml5/1.11.1/doxia-module-xhtml5-1.11.1.jar:/home/vincent-ppp/.m2/repository/org/apache/velocity/velocity-tools/2.0/velocity-tools-2.0.jar:/home/vincent-ppp/.m2/repository/commons-digester/commons-digester/1.8/commons-digester-1.8.jar:/home/vincent-ppp/.m2/repository/commons-chain/commons-chain/1.1/commons-chain-1.1.jar:/home/vincent-ppp/.m2/repository/dom4j/dom4j/1.1/dom4j-1.1.jar:/home/vincent-ppp/.m2/repository/oro/oro/2.0.8/oro-2.0.8.jar:/home/vincent-ppp/.m2/repository/org/apache/maven/doxia/doxia-sink-api/1.11.1/doxia-sink-api-1.11.1.jar:/home/vincent-ppp/.m2/repository/org/apache/maven/doxia/doxia-logging-api/1.11.1/doxia-logging-api-1.11.1.jar:/home/vincent-ppp/.m2/repository/org/apache/maven/doxia/doxia-core/1.11.1/doxia-core-1.11.1.jar:/home/vincent-ppp/.m2/repository/org/codehaus/plexus/plexus-container-default/2.1.0/plexus-container-default-2.1.0.jar:/home/vincent-ppp/.m2/repository/org/apache/xbean/xbean-reflect/3.7/xbean-reflect-3.7.jar:/home/vincent-ppp/.m2/repository/com/google/collections/google-collections/1.0/google-collections-1.0.jar:/home/vincent-ppp/.m2/repository/org/apache/commons/commons-lang3/3.12.0/commons-lang3-3.12.0.jar:/home/vincent-ppp/.m2/repository/org/apache/commons/commons-text/1.3/commons-text-1.3.jar:/home/vincent-ppp/.m2/repository/org/apache/httpcomponents/httpclient/4.5.14/httpclient-4.5.14.jar:/home/vincent-ppp/.m2/repository/commons-codec/commons-codec/1.15/commons-codec-1.15.jar:/home/vincent-ppp/.m2/repository/org/apache/httpcomponents/httpcore/4.4.16/httpcore-4.4.16.jar:/home/vincent-ppp/.m2/repository/org/apache/maven/doxia/doxia-integration-tools/1.11.1/doxia-integration-tools-1.11.1.jar:/home/vincent-ppp/.m2/repository/commons-io/commons-io/2.6/commons-io-2.6.jar:/home/vincent-ppp/.m2/repository/org/apache/maven/maven-model/2.2.1/maven-model-2.2.1.jar:/home/vincent-ppp/.m2/repository/org/codehaus/plexus/plexus-i18n/1.0-beta-10/plexus-i18n-1.0-beta-10.jar:/home/vincent-ppp/.m2/repository/org/codehaus/plexus/plexus-interpolation/1.26/plexus-interpolation-1.26.jar:/home/vincent-ppp/.m2/repository/org/codehaus/plexus/plexus-component-annotations/2.1.1/plexus-component-annotations-2.1.1.jar:/home/vincent-ppp/.m2/repository/org/codehaus/plexus/plexus-resources/1.1.0/plexus-resources-1.1.0.jar:/home/vincent-ppp/.m2/repository/org/codehaus/plexus/plexus-utils/3.4.2/plexus-utils-3.4.2.jar:/home/vincent-ppp/.m2/repository/org/codehaus/plexus/plexus-velocity/1.2/plexus-velocity-1.2.jar:/home/vincent-ppp/.m2/repository/commons-collections/commons-collections/3.1/commons-collections-3.1.jar:/home/vincent-ppp/.m2/repository/com/puppycrawl/tools/checkstyle/9.3/checkstyle-9.3.jar:/home/vincent-ppp/.m2/repository/info/picocli/picocli/4.6.2/picocli-4.6.2.jar:/home/vincent-ppp/.m2/repository/org/antlr/antlr4-runtime/4.9.3/antlr4-runtime-4.9.3.jar:/home/vincent-ppp/.m2/repository/commons-beanutils/commons-beanutils/1.9.4/commons-beanutils-1.9.4.jar:/home/vincent-ppp/.m2/repository/commons-logging/commons-logging/1.2/commons-logging-1.2.jar:/home/vincent-ppp/.m2/repository/com/google/guava/guava/31.0.1-jre/guava-31.0.1-jre.jar:/home/vincent-ppp/.m2/repository/com/google/guava/failureaccess/1.0.1/failureaccess-1.0.1.jar:/home/vincent-ppp/.m2/repository/com/google/guava/listenablefuture/9999.0-empty-to-avoid-conflict-with-guava/listenablefuture-9999.0-empty-to-avoid-conflict-with-guava.jar:/home/vincent-ppp/.m2/repository/com/google/code/findbugs/jsr305/3.0.2/jsr305-3.0.2.jar:/home/vincent-ppp/.m2/repository/org/checkerframework/checker-qual/3.12.0/checker-qual-3.12.0.jar:/home/vincent-ppp/.m2/repository/com/google/errorprone/error_prone_annotations/2.7.1/error_prone_annotations-2.7.1.jar:/home/vincent-ppp/.m2/repository/com/google/j2objc/j2objc-annotations/1.3/j2objc-annotations-1.3.jar:/home/vincent-ppp/.m2/repository/org/reflections/reflections/0.10.2/reflections-0.10.2.jar:/home/vincent-ppp/.m2/repository/org/javassist/javassist/3.28.0-GA/javassist-3.28.0-GA.jar:/home/vincent-ppp/.m2/repository/net/sf/saxon/Saxon-HE/10.6/Saxon-HE-10.6.jar:/home/vincent-ppp/.m2/repository/org/apache/velocity/velocity/1.7/velocity-1.7.jar:/home/vincent-ppp/.m2/repository/commons-lang/commons-lang/2.4/commons-lang-2.4.jar:/home/vincent-ppp/.m2/repository/javax/xml/bind/jaxb-api/2.3.1/jaxb-api-2.3.1.jar:/home/vincent-ppp/.m2/repository/javax/activation/javax.activation-api/1.2.0/javax.activation-api-1.2.0.jar:/home/vincent-ppp/.m2/repository/org/springframework/boot/spring-boot-starter-mail/2.7.17/spring-boot-starter-mail-2.7.17.jar:/home/vincent-ppp/.m2/repository/org/springframework/spring-context-support/5.3.30/spring-context-support-5.3.30.jar:/home/vincent-ppp/.m2/repository/com/sun/mail/jakarta.mail/1.6.7/jakarta.mail-1.6.7.jar:/home/vincent-ppp/.m2/repository/com/sun/activation/jakarta.activation/1.2.2/jakarta.activation-1.2.2.jar:/home/vincent-ppp/.m2/repository/org/jetbrains/annotations/24.1.0/annotations-24.1.0.jar:"/>
    <property name="sun.cpu.endian" value="little"/>
    <property name="user.home" value="/home/vincent-ppp"/>
    <property name="user.language" value="fr"/>
    <property name="java.specification.vendor" value="Oracle Corporation"/>
    <property name="java.version.date" value="2023-08-24"/>
    <property name="java.home" value="/opt/eclipse/plugins/org.eclipse.justj.openjdk.hotspot.jre.full.linux.x86_64_17.0.8.v20230831-1047/jre"/>
    <property name="file.separator" value="/"/>
    <property name="style.color" value="always"/>
    <property name="basedir" value="/var/www/html/billing-system"/>
    <property name="java.vm.compressedOopsMode" value="32-bit"/>
    <property name="line.separator" value="&#10;"/>
    <property name="java.vm.specification.vendor" value="Oracle Corporation"/>
    <property name="java.specification.name" value="Java Platform API Specification"/>
    <property name="surefire.real.class.path" value="/var/www/html/billing-system/target/surefire/surefirebooter5029563352935464222.jar"/>
    <property name="sun.management.compiler" value="HotSpot 64-Bit Tiered Compilers"/>
    <property name="java.runtime.version" value="17.0.8.1+1"/>
    <property name="user.name" value="vincent-ppp"/>
    <property name="path.separator" value=":"/>
    <property name="os.version" value="4.15.0-213-generic"/>
    <property name="java.runtime.name" value="OpenJDK Runtime Environment"/>
    <property name="file.encoding" value="UTF-8"/>
    <property name="java.vm.name" value="OpenJDK 64-Bit Server VM"/>
    <property name="java.vendor.version" value="Temurin-17.0.8.1+1"/>
    <property name="localRepository" value="/home/vincent-ppp/.m2/repository"/>
    <property name="java.vendor.url.bug" value="https://github.com/adoptium/adoptium-support/issues"/>
    <property name="java.io.tmpdir" value="/tmp"/>
    <property name="java.version" value="17.0.8.1"/>
    <property name="user.dir" value="/var/www/html/billing-system"/>
    <property name="os.arch" value="amd64"/>
    <property name="java.vm.specification.name" value="Java Virtual Machine Specification"/>
    <property name="native.encoding" value="UTF-8"/>
    <property name="java.library.path" value="/usr/java/packages/lib:/usr/lib64:/lib64:/lib:/usr/lib"/>
    <property name="java.vm.info" value="mixed mode"/>
    <property name="java.vendor" value="Eclipse Adoptium"/>
    <property name="java.vm.version" value="17.0.8.1+1"/>
    <property name="sun.io.unicode.encoding" value="UnicodeLittle"/>
    <property name="java.class.version" value="61.0"/>
  </properties>
  <testcase name="contextLoads" classname="com.ppp.SmartSheetApplicationTests" time="0.183"/>
</testsuite>